#-----------------------------------------------------------
# Vivado v2016.2 (64-bit)
# SW Build 1577090 on Thu Jun  2 16:32:40 MDT 2016
# IP Build 1577682 on Fri Jun  3 12:00:54 MDT 2016
# Start of session at: Tue Jun 06 17:04:20 2017
# Process ID: 5940
# Current directory: E:/CPE 133/Multiplier_5bit
# Command line: vivado.exe -gui_launcher_event rodinguilauncherevent7452 E:\CPE 133\Multiplier_5bit\Multiplier_5bit.xpr
# Log file: E:/CPE 133/Multiplier_5bit/vivado.log
# Journal file: E:/CPE 133/Multiplier_5bit\vivado.jou
#-----------------------------------------------------------
start_gui
open_project {E:/CPE 133/Multiplier_5bit/Multiplier_5bit.xpr}
INFO: [Project 1-313] Project file moved from 'F:/CPE 133/Multiplier_5bit' since last save.
Scanning sources...
Finished scanning sources
INFO: [IP_Flow 19-234] Refreshing IP repositories
INFO: [IP_Flow 19-1704] No user IP repositories specified
INFO: [IP_Flow 19-2313] Loaded Vivado IP repository 'C:/Xilinx/Vivado/2016.2/data/ip'.
open_project: Time (s): cpu = 00:00:09 ; elapsed = 00:00:16 . Memory (MB): peak = 748.035 ; gain = 134.797
update_compile_order -fileset sources_1
exit
INFO: [Common 17-206] Exiting Vivado at Tue Jun 06 17:37:43 2017...
