#-----------------------------------------------------------
# Vivado v2016.2 (64-bit)
# SW Build 1577090 on Thu Jun  2 16:32:40 MDT 2016
# IP Build 1577682 on Fri Jun  3 12:00:54 MDT 2016
# Start of session at: Wed Jun 07 17:28:11 2017
# Process ID: 10264
# Current directory: E:/CPE 133/four_4bit_sort
# Command line: vivado.exe -gui_launcher_event rodinguilauncherevent10152 E:\CPE 133\four_4bit_sort\four_4bit_sort.xpr
# Log file: E:/CPE 133/four_4bit_sort/vivado.log
# Journal file: E:/CPE 133/four_4bit_sort\vivado.jou
#-----------------------------------------------------------
start_gui
open_project {E:/CPE 133/four_4bit_sort/four_4bit_sort.xpr}
Scanning sources...
Finished scanning sources
INFO: [IP_Flow 19-234] Refreshing IP repositories
INFO: [IP_Flow 19-1704] No user IP repositories specified
INFO: [IP_Flow 19-2313] Loaded Vivado IP repository 'C:/Xilinx/Vivado/2016.2/data/ip'.
open_project: Time (s): cpu = 00:00:09 ; elapsed = 00:00:16 . Memory (MB): peak = 764.641 ; gain = 135.715
update_compile_order -fileset sources_1
exit
INFO: [Common 17-206] Exiting Vivado at Wed Jun 07 19:55:40 2017...
